0 info it worked if it ends with ok
1 verbose cli [ 'C:\\Program Files\\nodejs\\node.exe',
1 verbose cli   'C:\\Program Files\\nodejs\\node_modules\\npm\\bin\\npm-cli.js',
1 verbose cli   'install',
1 verbose cli   '--save',
1 verbose cli   'memwatch' ]
2 info using npm@4.1.2
3 info using node@v7.5.0
4 silly loadCurrentTree Starting
5 silly install loadCurrentTree
6 silly install readLocalPackageData
7 silly fetchPackageMetaData memwatch
8 silly fetchNamedPackageData memwatch
9 silly mapToRegistry name memwatch
10 silly mapToRegistry using default registry
11 silly mapToRegistry registry https://registry.npmjs.org/
12 silly mapToRegistry data Result {
12 silly mapToRegistry   raw: 'memwatch',
12 silly mapToRegistry   scope: null,
12 silly mapToRegistry   escapedName: 'memwatch',
12 silly mapToRegistry   name: 'memwatch',
12 silly mapToRegistry   rawSpec: '',
12 silly mapToRegistry   spec: 'latest',
12 silly mapToRegistry   type: 'tag' }
13 silly mapToRegistry uri https://registry.npmjs.org/memwatch
14 verbose request uri https://registry.npmjs.org/memwatch
15 verbose request no auth needed
16 info attempt registry request try #1 at 5:41:21 PM
17 verbose request id 7c5e54309a1661cb
18 http request GET https://registry.npmjs.org/memwatch
19 http 200 https://registry.npmjs.org/memwatch
20 verbose headers { server: 'nginx/1.10.1',
20 verbose headers   'content-type': 'application/json',
20 verbose headers   'last-modified': 'Sat, 11 Feb 2017 03:29:22 GMT',
20 verbose headers   etag: 'W/"589e8512-9399"',
20 verbose headers   'content-encoding': 'gzip',
20 verbose headers   'cache-control': 'max-age=300',
20 verbose headers   'content-length': '3922',
20 verbose headers   'accept-ranges': 'bytes',
20 verbose headers   date: 'Mon, 27 Feb 2017 16:41:20 GMT',
20 verbose headers   via: '1.1 varnish',
20 verbose headers   age: '0',
20 verbose headers   connection: 'keep-alive',
20 verbose headers   'x-served-by': 'cache-bma7021-BMA',
20 verbose headers   'x-cache': 'MISS',
20 verbose headers   'x-cache-hits': '0',
20 verbose headers   'x-timer': 'S1488213680.443528,VS0,VE22',
20 verbose headers   vary: 'Accept-Encoding' }
21 silly get cb [ 200,
21 silly get   { server: 'nginx/1.10.1',
21 silly get     'content-type': 'application/json',
21 silly get     'last-modified': 'Sat, 11 Feb 2017 03:29:22 GMT',
21 silly get     etag: 'W/"589e8512-9399"',
21 silly get     'content-encoding': 'gzip',
21 silly get     'cache-control': 'max-age=300',
21 silly get     'content-length': '3922',
21 silly get     'accept-ranges': 'bytes',
21 silly get     date: 'Mon, 27 Feb 2017 16:41:20 GMT',
21 silly get     via: '1.1 varnish',
21 silly get     age: '0',
21 silly get     connection: 'keep-alive',
21 silly get     'x-served-by': 'cache-bma7021-BMA',
21 silly get     'x-cache': 'MISS',
21 silly get     'x-cache-hits': '0',
21 silly get     'x-timer': 'S1488213680.443528,VS0,VE22',
21 silly get     vary: 'Accept-Encoding' } ]
22 verbose get saving memwatch to C:\Users\Dacexi\AppData\Roaming\npm-cache\registry.npmjs.org\memwatch\.cache.json
23 verbose correctMkdir C:\Users\Dacexi\AppData\Roaming\npm-cache correctMkdir not in flight; initializing
24 silly install normalizeTree
25 silly loadCurrentTree Finishing
26 silly loadIdealTree Starting
27 silly install loadIdealTree
28 silly cloneCurrentTree Starting
29 silly install cloneCurrentTreeToIdealTree
30 silly cloneCurrentTree Finishing
31 silly loadShrinkwrap Starting
32 silly install loadShrinkwrap
33 silly loadShrinkwrap Finishing
34 silly loadAllDepsIntoIdealTree Starting
35 silly install loadAllDepsIntoIdealTree
36 silly resolveWithNewModule memwatch@0.2.2 checking installable status
37 silly cache add args [ 'memwatch', null ]
38 verbose cache add spec memwatch
39 silly cache add parsed spec Result {
39 silly cache add   raw: 'memwatch',
39 silly cache add   scope: null,
39 silly cache add   escapedName: 'memwatch',
39 silly cache add   name: 'memwatch',
39 silly cache add   rawSpec: '',
39 silly cache add   spec: 'latest',
39 silly cache add   type: 'tag' }
40 silly addNamed memwatch@latest
41 verbose addNamed "latest" is being treated as a dist-tag for memwatch
42 info addNameTag [ 'memwatch', 'latest' ]
43 silly mapToRegistry name memwatch
44 silly mapToRegistry using default registry
45 silly mapToRegistry registry https://registry.npmjs.org/
46 silly mapToRegistry data Result {
46 silly mapToRegistry   raw: 'memwatch',
46 silly mapToRegistry   scope: null,
46 silly mapToRegistry   escapedName: 'memwatch',
46 silly mapToRegistry   name: 'memwatch',
46 silly mapToRegistry   rawSpec: '',
46 silly mapToRegistry   spec: 'latest',
46 silly mapToRegistry   type: 'tag' }
47 silly mapToRegistry uri https://registry.npmjs.org/memwatch
48 verbose addNameTag registry:https://registry.npmjs.org/memwatch not in flight; fetching
49 verbose get https://registry.npmjs.org/memwatch not expired, no request
50 silly addNameTag next cb for memwatch with tag latest
51 silly addNamed memwatch@0.2.2
52 verbose addNamed "0.2.2" is a plain semver version for memwatch
53 silly mapToRegistry name memwatch
54 silly mapToRegistry using default registry
55 silly mapToRegistry registry https://registry.npmjs.org/
56 silly mapToRegistry data Result {
56 silly mapToRegistry   raw: 'memwatch',
56 silly mapToRegistry   scope: null,
56 silly mapToRegistry   escapedName: 'memwatch',
56 silly mapToRegistry   name: 'memwatch',
56 silly mapToRegistry   rawSpec: '',
56 silly mapToRegistry   spec: 'latest',
56 silly mapToRegistry   type: 'tag' }
57 silly mapToRegistry uri https://registry.npmjs.org/memwatch
58 verbose addRemoteTarball https://registry.npmjs.org/memwatch/-/memwatch-0.2.2.tgz not in flight; adding
59 verbose addRemoteTarball [ 'https://registry.npmjs.org/memwatch/-/memwatch-0.2.2.tgz',
59 verbose addRemoteTarball   '779e8cd982532b6221b6ed1c1269098bee16f92c' ]
60 info retry fetch attempt 1 at 5:41:22 PM
61 info attempt registry request try #1 at 5:41:22 PM
62 http fetch GET https://registry.npmjs.org/memwatch/-/memwatch-0.2.2.tgz
63 http fetch 200 https://registry.npmjs.org/memwatch/-/memwatch-0.2.2.tgz
64 silly fetchAndShaCheck shasum 779e8cd982532b6221b6ed1c1269098bee16f92c
65 verbose addTmpTarball C:\Users\Dacexi\AppData\Local\Temp\npm-5804-083b02aa\registry.npmjs.org\memwatch\-\memwatch-0.2.2.tgz not in flight; adding
66 verbose addTmpTarball already have metadata; skipping unpack for memwatch@0.2.2
67 verbose correctMkdir C:\Users\Dacexi\AppData\Roaming\npm-cache correctMkdir not in flight; initializing
68 silly cache afterAdd memwatch@0.2.2
69 verbose afterAdd C:\Users\Dacexi\AppData\Roaming\npm-cache\memwatch\0.2.2\package\package.json not in flight; writing
70 verbose correctMkdir C:\Users\Dacexi\AppData\Roaming\npm-cache correctMkdir not in flight; initializing
71 verbose afterAdd C:\Users\Dacexi\AppData\Roaming\npm-cache\memwatch\0.2.2\package\package.json written
72 silly fetchNamedPackageData fsevents
73 silly mapToRegistry name fsevents
74 silly mapToRegistry using default registry
75 silly mapToRegistry registry https://registry.npmjs.org/
76 silly mapToRegistry data Result {
76 silly mapToRegistry   raw: 'fsevents',
76 silly mapToRegistry   scope: null,
76 silly mapToRegistry   escapedName: 'fsevents',
76 silly mapToRegistry   name: 'fsevents',
76 silly mapToRegistry   rawSpec: '',
76 silly mapToRegistry   spec: 'latest',
76 silly mapToRegistry   type: 'tag' }
77 silly mapToRegistry uri https://registry.npmjs.org/fsevents
78 verbose request uri https://registry.npmjs.org/fsevents
79 verbose request no auth needed
80 info attempt registry request try #1 at 5:41:22 PM
81 verbose etag W/"58aa7c0d-d5c0"
82 verbose lastModified Mon, 20 Feb 2017 05:18:05 GMT
83 http request GET https://registry.npmjs.org/fsevents
84 http 304 https://registry.npmjs.org/fsevents
85 verbose headers { date: 'Mon, 27 Feb 2017 16:41:20 GMT',
85 verbose headers   via: '1.1 varnish',
85 verbose headers   'cache-control': 'max-age=300',
85 verbose headers   etag: 'W/"58aa7c0d-d5c0"',
85 verbose headers   age: '163',
85 verbose headers   connection: 'keep-alive',
85 verbose headers   'x-served-by': 'cache-bma7021-BMA',
85 verbose headers   'x-cache': 'HIT',
85 verbose headers   'x-cache-hits': '7',
85 verbose headers   'x-timer': 'S1488213680.901868,VS0,VE0',
85 verbose headers   vary: 'Accept-Encoding' }
86 silly get cb [ 304,
86 silly get   { date: 'Mon, 27 Feb 2017 16:41:20 GMT',
86 silly get     via: '1.1 varnish',
86 silly get     'cache-control': 'max-age=300',
86 silly get     etag: 'W/"58aa7c0d-d5c0"',
86 silly get     age: '163',
86 silly get     connection: 'keep-alive',
86 silly get     'x-served-by': 'cache-bma7021-BMA',
86 silly get     'x-cache': 'HIT',
86 silly get     'x-cache-hits': '7',
86 silly get     'x-timer': 'S1488213680.901868,VS0,VE0',
86 silly get     vary: 'Accept-Encoding' } ]
87 verbose etag https://registry.npmjs.org/fsevents from cache
88 verbose get saving fsevents to C:\Users\Dacexi\AppData\Roaming\npm-cache\registry.npmjs.org\fsevents\.cache.json
89 verbose correctMkdir C:\Users\Dacexi\AppData\Roaming\npm-cache correctMkdir not in flight; initializing
90 silly pickManifestFromRegistryMetadata spec >=1.0.0 <2.0.0 tag latest versions [ '0.1.1',
90 silly pickManifestFromRegistryMetadata   '0.1.3',
90 silly pickManifestFromRegistryMetadata   '0.1.4',
90 silly pickManifestFromRegistryMetadata   '0.1.5',
90 silly pickManifestFromRegistryMetadata   '0.1.6',
90 silly pickManifestFromRegistryMetadata   '0.2.0',
90 silly pickManifestFromRegistryMetadata   '0.3.0',
90 silly pickManifestFromRegistryMetadata   '0.3.1',
90 silly pickManifestFromRegistryMetadata   '0.3.2',
90 silly pickManifestFromRegistryMetadata   '0.3.3',
90 silly pickManifestFromRegistryMetadata   '0.3.4',
90 silly pickManifestFromRegistryMetadata   '0.3.5',
90 silly pickManifestFromRegistryMetadata   '0.3.6',
90 silly pickManifestFromRegistryMetadata   '0.3.7',
90 silly pickManifestFromRegistryMetadata   '0.3.8',
90 silly pickManifestFromRegistryMetadata   '1.0.0',
90 silly pickManifestFromRegistryMetadata   '1.0.1',
90 silly pickManifestFromRegistryMetadata   '1.0.2',
90 silly pickManifestFromRegistryMetadata   '1.0.3',
90 silly pickManifestFromRegistryMetadata   '1.0.4',
90 silly pickManifestFromRegistryMetadata   '1.0.5',
90 silly pickManifestFromRegistryMetadata   '1.0.6',
90 silly pickManifestFromRegistryMetadata   '1.0.7',
90 silly pickManifestFromRegistryMetadata   '1.0.8',
90 silly pickManifestFromRegistryMetadata   '1.0.9',
90 silly pickManifestFromRegistryMetadata   '1.0.10',
90 silly pickManifestFromRegistryMetadata   '1.0.11',
90 silly pickManifestFromRegistryMetadata   '1.0.12',
90 silly pickManifestFromRegistryMetadata   '1.0.14',
90 silly pickManifestFromRegistryMetadata   '1.0.15',
90 silly pickManifestFromRegistryMetadata   '1.0.17',
90 silly pickManifestFromRegistryMetadata   '1.0.18-0',
90 silly pickManifestFromRegistryMetadata   '1.1.0',
90 silly pickManifestFromRegistryMetadata   '1.1.1' ]
91 silly resolveWithNewModule fsevents@1.1.1 checking installable status
92 silly loadAllDepsIntoIdealTree Finishing
93 silly loadIdealTree Finishing
94 silly currentTree Droppl@1.0.0
94 silly currentTree +-- accepts@1.3.3
94 silly currentTree +-- addr-to-ip-port@1.4.2
94 silly currentTree +-- after@0.8.2
94 silly currentTree +-- animejs@1.1.3
94 silly currentTree +-- ansi-regex@2.1.1
94 silly currentTree +-- ansi-styles@2.2.1
94 silly currentTree +-- anymatch@1.3.0
94 silly currentTree +-- arr-diff@2.0.0
94 silly currentTree +-- arr-flatten@1.0.1
94 silly currentTree +-- array-find-index@1.0.2
94 silly currentTree +-- array-flatten@1.1.1
94 silly currentTree +-- array-unique@0.2.1
94 silly currentTree +-- arraybuffer.slice@0.0.6
94 silly currentTree +-- arrify@1.0.1
94 silly currentTree +-- asn1@0.2.3
94 silly currentTree +-- assert-plus@0.2.0
94 silly currentTree +-- async-each@1.0.1
94 silly currentTree +-- asynckit@0.4.0
94 silly currentTree +-- aws-sign2@0.6.0
94 silly currentTree +-- aws4@1.6.0
94 silly currentTree +-- backo2@1.0.2
94 silly currentTree +-- balanced-match@0.4.2
94 silly currentTree +-- base64-arraybuffer@0.1.5
94 silly currentTree +-- base64id@1.0.0
94 silly currentTree +-- bcrypt-pbkdf@1.0.1
94 silly currentTree +-- bencode@0.11.0
94 silly currentTree +-- better-assert@1.0.2
94 silly currentTree +-- binary-extensions@1.8.0
94 silly currentTree +-- binary-search@1.3.2
94 silly currentTree +-- bitfield@1.1.2
94 silly currentTree +-- bittorrent-dht@7.4.1
94 silly currentTree +-- bittorrent-peerid@1.1.1
94 silly currentTree +-- bittorrent-protocol@2.2.0
94 silly currentTree | +-- isarray@1.0.0
94 silly currentTree | +-- readable-stream@2.2.3
94 silly currentTree | +-- speedometer@1.0.0
94 silly currentTree | `-- xtend@4.0.1
94 silly currentTree +-- bittorrent-tracker@8.5.0
94 silly currentTree | `-- xtend@4.0.1
94 silly currentTree +-- blob-to-buffer@1.2.6
94 silly currentTree +-- blob@0.0.4
94 silly currentTree +-- block-stream2@1.1.0
94 silly currentTree | +-- isarray@1.0.0
94 silly currentTree | `-- readable-stream@2.2.3
94 silly currentTree +-- bn.js@4.11.6
94 silly currentTree +-- boom@2.10.1
94 silly currentTree +-- brace-expansion@1.1.6
94 silly currentTree +-- braces@1.8.5
94 silly currentTree +-- browserify-package-json@1.0.1
94 silly currentTree +-- buffer-equals@1.0.4
94 silly currentTree +-- buffer-shims@1.0.0
94 silly currentTree +-- builtin-modules@1.1.1
94 silly currentTree +-- callsite@1.0.0
94 silly currentTree +-- camelcase-keys@2.1.0
94 silly currentTree +-- camelcase@2.1.1
94 silly currentTree +-- caseless@0.11.0
94 silly currentTree +-- chalk@1.1.3
94 silly currentTree +-- chokidar@1.6.1
94 silly currentTree +-- chunk-store-stream@2.0.2
94 silly currentTree | +-- isarray@1.0.0
94 silly currentTree | `-- readable-stream@2.2.3
94 silly currentTree +-- closest-to@2.0.0
94 silly currentTree +-- code-point-at@1.1.0
94 silly currentTree +-- color-name@1.1.1
94 silly currentTree +-- colorcolor@1.1.1
94 silly currentTree +-- combined-stream@1.0.5
94 silly currentTree +-- commander@2.9.0
94 silly currentTree +-- compact2string@1.4.0
94 silly currentTree +-- component-bind@1.0.0
94 silly currentTree +-- component-emitter@1.1.2
94 silly currentTree +-- component-inherit@0.0.3
94 silly currentTree +-- concat-map@0.0.1
94 silly currentTree +-- concat-stream@1.5.0
94 silly currentTree | +-- isarray@1.0.0
94 silly currentTree | `-- readable-stream@2.0.6
94 silly currentTree +-- content-disposition@0.5.2
94 silly currentTree +-- content-type@1.0.2
94 silly currentTree +-- cookie-signature@1.0.6
94 silly currentTree +-- cookie@0.3.1
94 silly currentTree +-- core-util-is@1.0.2
94 silly currentTree +-- create-torrent@3.28.0
94 silly currentTree | +-- isarray@1.0.0
94 silly currentTree | +-- readable-stream@2.2.3
94 silly currentTree | `-- xtend@4.0.1
94 silly currentTree +-- cross-spawn@4.0.2
94 silly currentTree +-- cryptiles@2.0.5
94 silly currentTree +-- currently-unhandled@0.4.1
94 silly currentTree +-- dashdash@1.14.1
94 silly currentTree | `-- assert-plus@1.0.0
94 silly currentTree +-- debug@2.6.0
94 silly currentTree +-- decamelize@1.2.0
94 silly currentTree +-- deep-extend@0.4.1
94 silly currentTree +-- defined@1.0.0
94 silly currentTree +-- delayed-stream@1.0.0
94 silly currentTree +-- depd@1.1.0
94 silly currentTree +-- destroy@1.0.4
94 silly currentTree +-- dialog@0.2.0
94 silly currentTree +-- drag-drop@2.13.2
94 silly currentTree +-- ecc-jsbn@0.1.1
94 silly currentTree +-- ee-first@1.1.1
94 silly currentTree +-- electron-download@3.3.0
94 silly currentTree +-- electron-eval@0.9.9
94 silly currentTree +-- electron-reload@1.1.0
94 silly currentTree +-- electron-webrtc@0.3.0
94 silly currentTree +-- electron@1.4.15
94 silly currentTree +-- encodeurl@1.0.1
94 silly currentTree +-- end-of-stream@1.1.0
94 silly currentTree | `-- once@1.3.3
94 silly currentTree +-- engine.io-client@1.8.2
94 silly currentTree | +-- component-emitter@1.2.1
94 silly currentTree | `-- debug@2.3.3
94 silly currentTree +-- engine.io-parser@1.3.2
94 silly currentTree +-- engine.io@1.8.2
94 silly currentTree | `-- debug@2.3.3
94 silly currentTree +-- error-ex@1.3.0
94 silly currentTree +-- es6-promise@4.0.5
94 silly currentTree +-- escape-html@1.0.3
94 silly currentTree +-- escape-string-regexp@1.0.5
94 silly currentTree +-- etag@1.7.0
94 silly currentTree +-- expand-brackets@0.1.5
94 silly currentTree +-- expand-range@1.8.2
94 silly currentTree +-- express@4.14.1
94 silly currentTree | +-- debug@2.2.0
94 silly currentTree | +-- ms@0.7.1
94 silly currentTree | `-- qs@6.2.0
94 silly currentTree +-- extend@3.0.0
94 silly currentTree +-- extglob@0.3.2
94 silly currentTree +-- extract-zip@1.6.0
94 silly currentTree | `-- debug@0.7.4
94 silly currentTree +-- extsprintf@1.0.2
94 silly currentTree +-- fd-slicer@1.0.1
94 silly currentTree +-- filename-regex@2.0.0
94 silly currentTree +-- filestream@4.1.3
94 silly currentTree | +-- isarray@1.0.0
94 silly currentTree | +-- readable-stream@2.2.3
94 silly currentTree | `-- xtend@4.0.1
94 silly currentTree +-- fill-range@2.2.3
94 silly currentTree +-- finalhandler@0.5.1
94 silly currentTree | +-- debug@2.2.0
94 silly currentTree | `-- ms@0.7.1
94 silly currentTree +-- find-exec@0.0.8
94 silly currentTree +-- find-up@1.1.2
94 silly currentTree +-- flatten@1.0.2
94 silly currentTree +-- for-in@0.1.6
94 silly currentTree +-- for-own@0.1.4
94 silly currentTree +-- forever-agent@0.6.1
94 silly currentTree +-- form-data@2.1.2
94 silly currentTree +-- forwarded@0.1.0
94 silly currentTree +-- fresh@0.3.0
94 silly currentTree +-- fs-chunk-store@1.6.4
94 silly currentTree | +-- minimist@0.0.8
94 silly currentTree | `-- mkdirp@0.5.1
94 silly currentTree +-- fs-extra@0.30.0
94 silly currentTree +-- fs.realpath@1.0.0
94 silly currentTree +-- generate-function@2.0.0
94 silly currentTree +-- generate-object-property@1.2.0
94 silly currentTree +-- get-browser-rtc@1.0.2
94 silly currentTree +-- get-stdin@4.0.1
94 silly currentTree +-- getpass@0.1.6
94 silly currentTree | `-- assert-plus@1.0.0
94 silly currentTree +-- glob-base@0.3.0
94 silly currentTree +-- glob-parent@2.0.0
94 silly currentTree +-- glob@7.1.1
94 silly currentTree +-- graceful-fs@4.1.11
94 silly currentTree +-- graceful-readlink@1.0.1
94 silly currentTree +-- har-validator@2.0.6
94 silly currentTree +-- has-ansi@2.0.0
94 silly currentTree +-- has-binary@0.1.7
94 silly currentTree +-- has-cors@1.1.0
94 silly currentTree +-- hat@0.0.3
94 silly currentTree +-- hawk@3.1.3
94 silly currentTree +-- headless@1.1.0
94 silly currentTree +-- hoek@2.16.3
94 silly currentTree +-- home-path@1.0.3
94 silly currentTree +-- hosted-git-info@2.2.0
94 silly currentTree +-- http-errors@1.5.1
94 silly currentTree +-- http-signature@1.1.1
94 silly currentTree +-- immediate-chunk-store@1.0.8
94 silly currentTree +-- indent-string@2.1.0
94 silly currentTree +-- indexof@0.0.1
94 silly currentTree +-- inflight@1.0.6
94 silly currentTree +-- inherits@2.0.3
94 silly currentTree +-- ini@1.3.4
94 silly currentTree +-- ip-set@1.0.1
94 silly currentTree +-- ip@1.1.4
94 silly currentTree +-- ipaddr.js@1.2.0
94 silly currentTree +-- is-arrayish@0.2.1
94 silly currentTree +-- is-ascii@1.0.0
94 silly currentTree +-- is-binary-path@1.0.1
94 silly currentTree +-- is-buffer@1.1.4
94 silly currentTree +-- is-builtin-module@1.0.0
94 silly currentTree +-- is-dotfile@1.0.2
94 silly currentTree +-- is-equal-shallow@0.1.3
94 silly currentTree +-- is-extendable@0.1.1
94 silly currentTree +-- is-extglob@1.0.0
94 silly currentTree +-- is-file@1.0.0
94 silly currentTree +-- is-finite@1.0.2
94 silly currentTree +-- is-fullwidth-code-point@1.0.0
94 silly currentTree +-- is-glob@2.0.1
94 silly currentTree +-- is-my-json-valid@2.15.0
94 silly currentTree | `-- xtend@4.0.1
94 silly currentTree +-- is-number@2.1.0
94 silly currentTree +-- is-posix-bracket@0.1.1
94 silly currentTree +-- is-primitive@2.0.0
94 silly currentTree +-- is-property@1.0.2
94 silly currentTree +-- is-typedarray@1.0.0
94 silly currentTree +-- is-utf8@0.2.1
94 silly currentTree +-- isarray@0.0.1
94 silly currentTree +-- isexe@1.1.2
94 silly currentTree +-- isobject@2.1.0
94 silly currentTree | `-- isarray@1.0.0
94 silly currentTree +-- isstream@0.1.2
94 silly currentTree +-- jodid25519@1.0.2
94 silly currentTree +-- jQuery@1.7.4
94 silly currentTree +-- jsbn@0.1.0
94 silly currentTree +-- json-schema@0.2.3
94 silly currentTree +-- json-stringify-safe@5.0.1
94 silly currentTree +-- json3@3.3.2
94 silly currentTree +-- jsonfile@2.4.0
94 silly currentTree +-- jsonpointer@4.0.1
94 silly currentTree +-- jsprim@1.3.1
94 silly currentTree +-- junk@1.0.3
94 silly currentTree +-- k-bucket@3.2.1
94 silly currentTree +-- k-rpc-socket@1.6.2
94 silly currentTree +-- k-rpc@4.0.2
94 silly currentTree +-- kind-of@3.1.0
94 silly currentTree +-- klaw@1.3.1
94 silly currentTree +-- load-ip-set@1.3.0
94 silly currentTree +-- load-json-file@1.1.0
94 silly currentTree +-- loud-rejection@1.6.0
94 silly currentTree +-- lru-cache@4.0.2
94 silly currentTree +-- lru@3.1.0
94 silly currentTree +-- magnet-uri@5.1.5
94 silly currentTree | `-- xtend@4.0.1
94 silly currentTree +-- map-obj@1.0.1
94 silly currentTree +-- media-typer@0.3.0
94 silly currentTree +-- mediasource@2.1.3
94 silly currentTree | +-- isarray@1.0.0
94 silly currentTree | `-- readable-stream@2.2.3
94 silly currentTree +-- memory-chunk-store@1.2.0
94 silly currentTree +-- meow@3.7.0
94 silly currentTree +-- merge-descriptors@1.0.1
94 silly currentTree +-- methods@1.1.2
94 silly currentTree +-- micromatch@2.3.11
94 silly currentTree +-- mime-db@1.26.0
94 silly currentTree +-- mime-types@2.1.14
94 silly currentTree +-- mime@1.3.4
94 silly currentTree +-- minimatch@3.0.3
94 silly currentTree +-- minimist@1.2.0
94 silly currentTree +-- mkdirp@0.5.0
94 silly currentTree | `-- minimist@0.0.8
94 silly currentTree +-- mp4-box-encoding@1.1.2
94 silly currentTree +-- mp4-stream@2.0.2
94 silly currentTree | +-- isarray@1.0.0
94 silly currentTree | `-- readable-stream@2.2.3
94 silly currentTree +-- ms@0.7.2
94 silly currentTree +-- multistream@2.1.0
94 silly currentTree | +-- isarray@1.0.0
94 silly currentTree | `-- readable-stream@2.2.3
94 silly currentTree +-- ndjson@1.5.0
94 silly currentTree | +-- isarray@1.0.0
94 silly currentTree | +-- readable-stream@2.2.2
94 silly currentTree | +-- through2@2.0.3
94 silly currentTree | `-- xtend@4.0.1
94 silly currentTree +-- negotiator@0.6.1
94 silly currentTree +-- netmask@1.0.6
94 silly currentTree +-- next-event@1.0.0
94 silly currentTree +-- node-json-db@0.7.3
94 silly currentTree +-- normalize-package-data@2.3.5
94 silly currentTree +-- normalize-path@2.0.1
94 silly currentTree +-- nugget@2.0.1
94 silly currentTree +-- number-is-nan@1.0.1
94 silly currentTree +-- oauth-sign@0.8.2
94 silly currentTree +-- object-assign@4.1.1
94 silly currentTree +-- object-component@0.0.3
94 silly currentTree +-- object-keys@0.4.0
94 silly currentTree +-- object.omit@2.0.1
94 silly currentTree +-- on-finished@2.3.0
94 silly currentTree +-- once@1.4.0
94 silly currentTree +-- options@0.0.6
94 silly currentTree +-- package-json-versionify@1.0.4
94 silly currentTree +-- parse-glob@3.0.4
94 silly currentTree +-- parse-json@2.2.0
94 silly currentTree +-- parse-torrent-file@4.0.1
94 silly currentTree +-- parse-torrent@5.8.1
94 silly currentTree | `-- get-stdin@5.0.1
94 silly currentTree +-- parsejson@0.0.3
94 silly currentTree +-- parseqs@0.0.5
94 silly currentTree +-- parseuri@0.0.5
94 silly currentTree +-- parseurl@1.3.1
94 silly currentTree +-- path-exists@2.1.0
94 silly currentTree +-- path-is-absolute@1.0.1
94 silly currentTree +-- path-to-regexp@0.1.7
94 silly currentTree +-- path-type@1.1.0
94 silly currentTree +-- pend@1.2.0
94 silly currentTree +-- piece-length@1.0.0
94 silly currentTree +-- pify@2.3.0
94 silly currentTree +-- pinkie-promise@2.0.1
94 silly currentTree +-- pinkie@2.0.4
94 silly currentTree +-- play-sound@1.1.1
94 silly currentTree +-- preserve@0.2.0
94 silly currentTree +-- pretty-bytes@1.0.4
94 silly currentTree +-- process-nextick-args@1.0.7
94 silly currentTree +-- progress-stream@1.2.0
94 silly currentTree +-- proxy-addr@1.1.3
94 silly currentTree +-- pseudomap@1.0.2
94 silly currentTree +-- pump@1.0.2
94 silly currentTree +-- punycode@1.4.1
94 silly currentTree +-- qs@6.3.0
94 silly currentTree +-- random-access-file@1.5.0
94 silly currentTree | +-- minimist@0.0.8
94 silly currentTree | `-- mkdirp@0.5.1
94 silly currentTree +-- random-iterate@1.0.1
94 silly currentTree +-- randomatic@1.1.6
94 silly currentTree +-- randombytes@2.0.3
94 silly currentTree +-- range-parser@1.2.0
94 silly currentTree +-- range-slice-stream@1.2.0
94 silly currentTree | +-- isarray@1.0.0
94 silly currentTree | `-- readable-stream@2.2.3
94 silly currentTree +-- rc@1.1.6
94 silly currentTree +-- read-pkg-up@1.0.1
94 silly currentTree +-- read-pkg@1.1.0
94 silly currentTree +-- readable-stream@1.1.14
94 silly currentTree +-- readdirp@2.1.0
94 silly currentTree | +-- isarray@1.0.0
94 silly currentTree | `-- readable-stream@2.2.2
94 silly currentTree +-- redent@1.0.0
94 silly currentTree +-- regex-cache@0.4.3
94 silly currentTree +-- render-media@2.9.1
94 silly currentTree +-- repeat-element@1.1.2
94 silly currentTree +-- repeat-string@1.6.1
94 silly currentTree +-- repeating@2.0.1
94 silly currentTree +-- request@2.79.0
94 silly currentTree +-- rimraf@2.5.4
94 silly currentTree +-- run-parallel-limit@1.0.3
94 silly currentTree +-- run-parallel@1.1.6
94 silly currentTree +-- run-series@1.1.4
94 silly currentTree +-- rusha@0.8.5
94 silly currentTree +-- safe-buffer@5.0.1
94 silly currentTree +-- semver@5.3.0
94 silly currentTree +-- send@0.14.2
94 silly currentTree | `-- debug@2.2.0
94 silly currentTree |   `-- ms@0.7.1
94 silly currentTree +-- serve-static@1.11.2
94 silly currentTree +-- set-immediate-shim@1.0.1
94 silly currentTree +-- setprototypeof@1.0.2
94 silly currentTree +-- signal-exit@3.0.2
94 silly currentTree +-- simple-concat@1.0.0
94 silly currentTree +-- simple-get@2.4.0
94 silly currentTree +-- simple-peer@6.4.3
94 silly currentTree | +-- isarray@1.0.0
94 silly currentTree | `-- readable-stream@2.2.3
94 silly currentTree +-- simple-sha1@2.1.0
94 silly currentTree +-- simple-websocket@4.3.1
94 silly currentTree | +-- isarray@1.0.0
94 silly currentTree | +-- readable-stream@2.2.3
94 silly currentTree | +-- ws@2.1.0
94 silly currentTree | `-- xtend@4.0.1
94 silly currentTree +-- single-line-log@1.1.2
94 silly currentTree +-- sntp@1.0.9
94 silly currentTree +-- socket.io-adapter@0.5.0
94 silly currentTree | `-- debug@2.3.3
94 silly currentTree +-- socket.io-client@1.7.2
94 silly currentTree | +-- component-emitter@1.2.1
94 silly currentTree | `-- debug@2.3.3
94 silly currentTree +-- socket.io-parser@2.3.1
94 silly currentTree | +-- debug@2.2.0
94 silly currentTree | `-- ms@0.7.1
94 silly currentTree +-- socket.io@1.7.2
94 silly currentTree | +-- debug@2.3.3
94 silly currentTree | `-- object-assign@4.1.0
94 silly currentTree +-- socketio@1.0.0
94 silly currentTree +-- spdx-correct@1.0.2
94 silly currentTree +-- spdx-expression-parse@1.0.4
94 silly currentTree +-- spdx-license-ids@1.2.2
94 silly currentTree +-- speedometer@0.1.4
94 silly currentTree +-- split@1.0.0
94 silly currentTree +-- split2@2.1.1
94 silly currentTree | +-- isarray@1.0.0
94 silly currentTree | +-- readable-stream@2.2.2
94 silly currentTree | +-- through2@2.0.3
94 silly currentTree | `-- xtend@4.0.1
94 silly currentTree +-- sshpk@1.10.2
94 silly currentTree | `-- assert-plus@1.0.0
94 silly currentTree +-- statuses@1.3.1
94 silly currentTree +-- stream-to-blob-url@2.1.0
94 silly currentTree +-- stream-to-blob@1.0.0
94 silly currentTree +-- stream-with-known-length-to-buffer@1.0.0
94 silly currentTree +-- string_decoder@0.10.31
94 silly currentTree +-- string-width@1.0.2
94 silly currentTree +-- string2compact@1.2.2
94 silly currentTree +-- stringstream@0.0.5
94 silly currentTree +-- strip-ansi@3.0.1
94 silly currentTree +-- strip-bom@2.0.0
94 silly currentTree +-- strip-indent@1.0.1
94 silly currentTree +-- strip-json-comments@1.0.4
94 silly currentTree +-- sumchecker@1.3.0
94 silly currentTree +-- supports-color@2.0.0
94 silly currentTree +-- sync-exec@0.6.2
94 silly currentTree +-- thirty-two@1.0.2
94 silly currentTree +-- throttleit@0.0.2
94 silly currentTree +-- through@2.3.8
94 silly currentTree +-- through2@0.2.3
94 silly currentTree +-- thunky@1.0.2
94 silly currentTree +-- to-array@0.1.4
94 silly currentTree +-- to-arraybuffer@1.0.1
94 silly currentTree +-- torrent-discovery@8.2.0
94 silly currentTree | `-- xtend@4.0.1
94 silly currentTree +-- torrent-piece@1.1.0
94 silly currentTree +-- tough-cookie@2.3.2
94 silly currentTree +-- trim-newlines@1.0.0
94 silly currentTree +-- tunnel-agent@0.4.3
94 silly currentTree +-- tweetnacl@0.14.5
94 silly currentTree +-- type-is@1.6.14
94 silly currentTree +-- typedarray-to-buffer@3.1.2
94 silly currentTree +-- typedarray@0.0.6
94 silly currentTree +-- uint64be@1.0.1
94 silly currentTree +-- ultron@1.1.0
94 silly currentTree +-- uniq@1.0.1
94 silly currentTree +-- unordered-array-remove@1.0.2
94 silly currentTree +-- unpipe@1.0.0
94 silly currentTree +-- unzip-response@2.0.1
94 silly currentTree +-- ut_metadata@3.0.9
94 silly currentTree +-- ut_pex@1.1.3
94 silly currentTree +-- util-deprecate@1.0.2
94 silly currentTree +-- utils-merge@1.0.0
94 silly currentTree +-- uuid@3.0.1
94 silly currentTree +-- validate-npm-package-license@3.0.1
94 silly currentTree +-- vary@1.1.0
94 silly currentTree +-- verror@1.3.6
94 silly currentTree +-- videostream@2.4.2
94 silly currentTree +-- vue-electron@1.0.6
94 silly currentTree +-- vue@2.1.10
94 silly currentTree +-- webtorrent@0.98.8
94 silly currentTree | +-- isarray@1.0.0
94 silly currentTree | +-- readable-stream@2.2.3
94 silly currentTree | +-- speedometer@1.0.0
94 silly currentTree | `-- xtend@4.0.1
94 silly currentTree +-- which@1.2.12
94 silly currentTree +-- wrappy@1.0.2
94 silly currentTree +-- ws@1.1.1
94 silly currentTree | `-- ultron@1.0.2
94 silly currentTree +-- wtf-8@1.0.0
94 silly currentTree +-- xmlhttprequest-ssl@1.5.3
94 silly currentTree +-- xtend@2.1.2
94 silly currentTree +-- yallist@2.0.0
94 silly currentTree +-- yauzl@2.4.1
94 silly currentTree +-- yeast@0.1.2
94 silly currentTree `-- zero-fill@2.2.3
95 silly idealTree Droppl@1.0.0
95 silly idealTree +-- accepts@1.3.3
95 silly idealTree +-- addr-to-ip-port@1.4.2
95 silly idealTree +-- after@0.8.2
95 silly idealTree +-- animejs@1.1.3
95 silly idealTree +-- ansi-regex@2.1.1
95 silly idealTree +-- ansi-styles@2.2.1
95 silly idealTree +-- anymatch@1.3.0
95 silly idealTree +-- arr-diff@2.0.0
95 silly idealTree +-- arr-flatten@1.0.1
95 silly idealTree +-- array-find-index@1.0.2
95 silly idealTree +-- array-flatten@1.1.1
95 silly idealTree +-- array-unique@0.2.1
95 silly idealTree +-- arraybuffer.slice@0.0.6
95 silly idealTree +-- arrify@1.0.1
95 silly idealTree +-- asn1@0.2.3
95 silly idealTree +-- assert-plus@0.2.0
95 silly idealTree +-- async-each@1.0.1
95 silly idealTree +-- asynckit@0.4.0
95 silly idealTree +-- aws-sign2@0.6.0
95 silly idealTree +-- aws4@1.6.0
95 silly idealTree +-- backo2@1.0.2
95 silly idealTree +-- balanced-match@0.4.2
95 silly idealTree +-- base64-arraybuffer@0.1.5
95 silly idealTree +-- base64id@1.0.0
95 silly idealTree +-- bcrypt-pbkdf@1.0.1
95 silly idealTree +-- bencode@0.11.0
95 silly idealTree +-- better-assert@1.0.2
95 silly idealTree +-- binary-extensions@1.8.0
95 silly idealTree +-- binary-search@1.3.2
95 silly idealTree +-- bitfield@1.1.2
95 silly idealTree +-- bittorrent-dht@7.4.1
95 silly idealTree +-- bittorrent-peerid@1.1.1
95 silly idealTree +-- bittorrent-protocol@2.2.0
95 silly idealTree | +-- isarray@1.0.0
95 silly idealTree | +-- readable-stream@2.2.3
95 silly idealTree | +-- speedometer@1.0.0
95 silly idealTree | `-- xtend@4.0.1
95 silly idealTree +-- bittorrent-tracker@8.5.0
95 silly idealTree | `-- xtend@4.0.1
95 silly idealTree +-- blob-to-buffer@1.2.6
95 silly idealTree +-- blob@0.0.4
95 silly idealTree +-- block-stream2@1.1.0
95 silly idealTree | +-- isarray@1.0.0
95 silly idealTree | `-- readable-stream@2.2.3
95 silly idealTree +-- bn.js@4.11.6
95 silly idealTree +-- boom@2.10.1
95 silly idealTree +-- brace-expansion@1.1.6
95 silly idealTree +-- braces@1.8.5
95 silly idealTree +-- browserify-package-json@1.0.1
95 silly idealTree +-- buffer-equals@1.0.4
95 silly idealTree +-- buffer-shims@1.0.0
95 silly idealTree +-- builtin-modules@1.1.1
95 silly idealTree +-- callsite@1.0.0
95 silly idealTree +-- camelcase-keys@2.1.0
95 silly idealTree +-- camelcase@2.1.1
95 silly idealTree +-- caseless@0.11.0
95 silly idealTree +-- chalk@1.1.3
95 silly idealTree +-- chokidar@1.6.1
95 silly idealTree +-- chunk-store-stream@2.0.2
95 silly idealTree | +-- isarray@1.0.0
95 silly idealTree | `-- readable-stream@2.2.3
95 silly idealTree +-- closest-to@2.0.0
95 silly idealTree +-- code-point-at@1.1.0
95 silly idealTree +-- color-name@1.1.1
95 silly idealTree +-- colorcolor@1.1.1
95 silly idealTree +-- combined-stream@1.0.5
95 silly idealTree +-- commander@2.9.0
95 silly idealTree +-- compact2string@1.4.0
95 silly idealTree +-- component-bind@1.0.0
95 silly idealTree +-- component-emitter@1.1.2
95 silly idealTree +-- component-inherit@0.0.3
95 silly idealTree +-- concat-map@0.0.1
95 silly idealTree +-- concat-stream@1.5.0
95 silly idealTree | +-- isarray@1.0.0
95 silly idealTree | `-- readable-stream@2.0.6
95 silly idealTree +-- content-disposition@0.5.2
95 silly idealTree +-- content-type@1.0.2
95 silly idealTree +-- cookie-signature@1.0.6
95 silly idealTree +-- cookie@0.3.1
95 silly idealTree +-- core-util-is@1.0.2
95 silly idealTree +-- create-torrent@3.28.0
95 silly idealTree | +-- isarray@1.0.0
95 silly idealTree | +-- readable-stream@2.2.3
95 silly idealTree | `-- xtend@4.0.1
95 silly idealTree +-- cross-spawn@4.0.2
95 silly idealTree +-- cryptiles@2.0.5
95 silly idealTree +-- currently-unhandled@0.4.1
95 silly idealTree +-- dashdash@1.14.1
95 silly idealTree | `-- assert-plus@1.0.0
95 silly idealTree +-- debug@2.6.0
95 silly idealTree +-- decamelize@1.2.0
95 silly idealTree +-- deep-extend@0.4.1
95 silly idealTree +-- defined@1.0.0
95 silly idealTree +-- delayed-stream@1.0.0
95 silly idealTree +-- depd@1.1.0
95 silly idealTree +-- destroy@1.0.4
95 silly idealTree +-- dialog@0.2.0
95 silly idealTree +-- drag-drop@2.13.2
95 silly idealTree +-- ecc-jsbn@0.1.1
95 silly idealTree +-- ee-first@1.1.1
95 silly idealTree +-- electron-download@3.3.0
95 silly idealTree +-- electron-eval@0.9.9
95 silly idealTree +-- electron-reload@1.1.0
95 silly idealTree +-- electron-webrtc@0.3.0
95 silly idealTree +-- electron@1.4.15
95 silly idealTree +-- encodeurl@1.0.1
95 silly idealTree +-- end-of-stream@1.1.0
95 silly idealTree | `-- once@1.3.3
95 silly idealTree +-- engine.io-client@1.8.2
95 silly idealTree | +-- component-emitter@1.2.1
95 silly idealTree | `-- debug@2.3.3
95 silly idealTree +-- engine.io-parser@1.3.2
95 silly idealTree +-- engine.io@1.8.2
95 silly idealTree | `-- debug@2.3.3
95 silly idealTree +-- error-ex@1.3.0
95 silly idealTree +-- es6-promise@4.0.5
95 silly idealTree +-- escape-html@1.0.3
95 silly idealTree +-- escape-string-regexp@1.0.5
95 silly idealTree +-- etag@1.7.0
95 silly idealTree +-- expand-brackets@0.1.5
95 silly idealTree +-- expand-range@1.8.2
95 silly idealTree +-- express@4.14.1
95 silly idealTree | +-- debug@2.2.0
95 silly idealTree | +-- ms@0.7.1
95 silly idealTree | `-- qs@6.2.0
95 silly idealTree +-- extend@3.0.0
95 silly idealTree +-- extglob@0.3.2
95 silly idealTree +-- extract-zip@1.6.0
95 silly idealTree | `-- debug@0.7.4
95 silly idealTree +-- extsprintf@1.0.2
95 silly idealTree +-- fd-slicer@1.0.1
95 silly idealTree +-- filename-regex@2.0.0
95 silly idealTree +-- filestream@4.1.3
95 silly idealTree | +-- isarray@1.0.0
95 silly idealTree | +-- readable-stream@2.2.3
95 silly idealTree | `-- xtend@4.0.1
95 silly idealTree +-- fill-range@2.2.3
95 silly idealTree +-- finalhandler@0.5.1
95 silly idealTree | +-- debug@2.2.0
95 silly idealTree | `-- ms@0.7.1
95 silly idealTree +-- find-exec@0.0.8
95 silly idealTree +-- find-up@1.1.2
95 silly idealTree +-- flatten@1.0.2
95 silly idealTree +-- for-in@0.1.6
95 silly idealTree +-- for-own@0.1.4
95 silly idealTree +-- forever-agent@0.6.1
95 silly idealTree +-- form-data@2.1.2
95 silly idealTree +-- forwarded@0.1.0
95 silly idealTree +-- fresh@0.3.0
95 silly idealTree +-- fs-chunk-store@1.6.4
95 silly idealTree | +-- minimist@0.0.8
95 silly idealTree | `-- mkdirp@0.5.1
95 silly idealTree +-- fs-extra@0.30.0
95 silly idealTree +-- fs.realpath@1.0.0
95 silly idealTree +-- generate-function@2.0.0
95 silly idealTree +-- generate-object-property@1.2.0
95 silly idealTree +-- get-browser-rtc@1.0.2
95 silly idealTree +-- get-stdin@4.0.1
95 silly idealTree +-- getpass@0.1.6
95 silly idealTree | `-- assert-plus@1.0.0
95 silly idealTree +-- glob-base@0.3.0
95 silly idealTree +-- glob-parent@2.0.0
95 silly idealTree +-- glob@7.1.1
95 silly idealTree +-- graceful-fs@4.1.11
95 silly idealTree +-- graceful-readlink@1.0.1
95 silly idealTree +-- har-validator@2.0.6
95 silly idealTree +-- has-ansi@2.0.0
95 silly idealTree +-- has-binary@0.1.7
95 silly idealTree +-- has-cors@1.1.0
95 silly idealTree +-- hat@0.0.3
95 silly idealTree +-- hawk@3.1.3
95 silly idealTree +-- headless@1.1.0
95 silly idealTree +-- hoek@2.16.3
95 silly idealTree +-- home-path@1.0.3
95 silly idealTree +-- hosted-git-info@2.2.0
95 silly idealTree +-- http-errors@1.5.1
95 silly idealTree +-- http-signature@1.1.1
95 silly idealTree +-- immediate-chunk-store@1.0.8
95 silly idealTree +-- indent-string@2.1.0
95 silly idealTree +-- indexof@0.0.1
95 silly idealTree +-- inflight@1.0.6
95 silly idealTree +-- inherits@2.0.3
95 silly idealTree +-- ini@1.3.4
95 silly idealTree +-- ip-set@1.0.1
95 silly idealTree +-- ip@1.1.4
95 silly idealTree +-- ipaddr.js@1.2.0
95 silly idealTree +-- is-arrayish@0.2.1
95 silly idealTree +-- is-ascii@1.0.0
95 silly idealTree +-- is-binary-path@1.0.1
95 silly idealTree +-- is-buffer@1.1.4
95 silly idealTree +-- is-builtin-module@1.0.0
95 silly idealTree +-- is-dotfile@1.0.2
95 silly idealTree +-- is-equal-shallow@0.1.3
95 silly idealTree +-- is-extendable@0.1.1
95 silly idealTree +-- is-extglob@1.0.0
95 silly idealTree +-- is-file@1.0.0
95 silly idealTree +-- is-finite@1.0.2
95 silly idealTree +-- is-fullwidth-code-point@1.0.0
95 silly idealTree +-- is-glob@2.0.1
95 silly idealTree +-- is-my-json-valid@2.15.0
95 silly idealTree | `-- xtend@4.0.1
95 silly idealTree +-- is-number@2.1.0
95 silly idealTree +-- is-posix-bracket@0.1.1
95 silly idealTree +-- is-primitive@2.0.0
95 silly idealTree +-- is-property@1.0.2
95 silly idealTree +-- is-typedarray@1.0.0
95 silly idealTree +-- is-utf8@0.2.1
95 silly idealTree +-- isarray@0.0.1
95 silly idealTree +-- isexe@1.1.2
95 silly idealTree +-- isobject@2.1.0
95 silly idealTree | `-- isarray@1.0.0
95 silly idealTree +-- isstream@0.1.2
95 silly idealTree +-- jodid25519@1.0.2
95 silly idealTree +-- jQuery@1.7.4
95 silly idealTree +-- jsbn@0.1.0
95 silly idealTree +-- json-schema@0.2.3
95 silly idealTree +-- json-stringify-safe@5.0.1
95 silly idealTree +-- json3@3.3.2
95 silly idealTree +-- jsonfile@2.4.0
95 silly idealTree +-- jsonpointer@4.0.1
95 silly idealTree +-- jsprim@1.3.1
95 silly idealTree +-- junk@1.0.3
95 silly idealTree +-- k-bucket@3.2.1
95 silly idealTree +-- k-rpc-socket@1.6.2
95 silly idealTree +-- k-rpc@4.0.2
95 silly idealTree +-- kind-of@3.1.0
95 silly idealTree +-- klaw@1.3.1
95 silly idealTree +-- load-ip-set@1.3.0
95 silly idealTree +-- load-json-file@1.1.0
95 silly idealTree +-- loud-rejection@1.6.0
95 silly idealTree +-- lru-cache@4.0.2
95 silly idealTree +-- lru@3.1.0
95 silly idealTree +-- magnet-uri@5.1.5
95 silly idealTree | `-- xtend@4.0.1
95 silly idealTree +-- map-obj@1.0.1
95 silly idealTree +-- media-typer@0.3.0
95 silly idealTree +-- mediasource@2.1.3
95 silly idealTree | +-- isarray@1.0.0
95 silly idealTree | `-- readable-stream@2.2.3
95 silly idealTree +-- memory-chunk-store@1.2.0
95 silly idealTree +-- memwatch@0.2.2
95 silly idealTree +-- meow@3.7.0
95 silly idealTree +-- merge-descriptors@1.0.1
95 silly idealTree +-- methods@1.1.2
95 silly idealTree +-- micromatch@2.3.11
95 silly idealTree +-- mime-db@1.26.0
95 silly idealTree +-- mime-types@2.1.14
95 silly idealTree +-- mime@1.3.4
95 silly idealTree +-- minimatch@3.0.3
95 silly idealTree +-- minimist@1.2.0
95 silly idealTree +-- mkdirp@0.5.0
95 silly idealTree | `-- minimist@0.0.8
95 silly idealTree +-- mp4-box-encoding@1.1.2
95 silly idealTree +-- mp4-stream@2.0.2
95 silly idealTree | +-- isarray@1.0.0
95 silly idealTree | `-- readable-stream@2.2.3
95 silly idealTree +-- ms@0.7.2
95 silly idealTree +-- multistream@2.1.0
95 silly idealTree | +-- isarray@1.0.0
95 silly idealTree | `-- readable-stream@2.2.3
95 silly idealTree +-- ndjson@1.5.0
95 silly idealTree | +-- isarray@1.0.0
95 silly idealTree | +-- readable-stream@2.2.2
95 silly idealTree | +-- through2@2.0.3
95 silly idealTree | `-- xtend@4.0.1
95 silly idealTree +-- negotiator@0.6.1
95 silly idealTree +-- netmask@1.0.6
95 silly idealTree +-- next-event@1.0.0
95 silly idealTree +-- node-json-db@0.7.3
95 silly idealTree +-- normalize-package-data@2.3.5
95 silly idealTree +-- normalize-path@2.0.1
95 silly idealTree +-- nugget@2.0.1
95 silly idealTree +-- number-is-nan@1.0.1
95 silly idealTree +-- oauth-sign@0.8.2
95 silly idealTree +-- object-assign@4.1.1
95 silly idealTree +-- object-component@0.0.3
95 silly idealTree +-- object-keys@0.4.0
95 silly idealTree +-- object.omit@2.0.1
95 silly idealTree +-- on-finished@2.3.0
95 silly idealTree +-- once@1.4.0
95 silly idealTree +-- options@0.0.6
95 silly idealTree +-- package-json-versionify@1.0.4
95 silly idealTree +-- parse-glob@3.0.4
95 silly idealTree +-- parse-json@2.2.0
95 silly idealTree +-- parse-torrent-file@4.0.1
95 silly idealTree +-- parse-torrent@5.8.1
95 silly idealTree | `-- get-stdin@5.0.1
95 silly idealTree +-- parsejson@0.0.3
95 silly idealTree +-- parseqs@0.0.5
95 silly idealTree +-- parseuri@0.0.5
95 silly idealTree +-- parseurl@1.3.1
95 silly idealTree +-- path-exists@2.1.0
95 silly idealTree +-- path-is-absolute@1.0.1
95 silly idealTree +-- path-to-regexp@0.1.7
95 silly idealTree +-- path-type@1.1.0
95 silly idealTree +-- pend@1.2.0
95 silly idealTree +-- piece-length@1.0.0
95 silly idealTree +-- pify@2.3.0
95 silly idealTree +-- pinkie-promise@2.0.1
95 silly idealTree +-- pinkie@2.0.4
95 silly idealTree +-- play-sound@1.1.1
95 silly idealTree +-- preserve@0.2.0
95 silly idealTree +-- pretty-bytes@1.0.4
95 silly idealTree +-- process-nextick-args@1.0.7
95 silly idealTree +-- progress-stream@1.2.0
95 silly idealTree +-- proxy-addr@1.1.3
95 silly idealTree +-- pseudomap@1.0.2
95 silly idealTree +-- pump@1.0.2
95 silly idealTree +-- punycode@1.4.1
95 silly idealTree +-- qs@6.3.0
95 silly idealTree +-- random-access-file@1.5.0
95 silly idealTree | +-- minimist@0.0.8
95 silly idealTree | `-- mkdirp@0.5.1
95 silly idealTree +-- random-iterate@1.0.1
95 silly idealTree +-- randomatic@1.1.6
95 silly idealTree +-- randombytes@2.0.3
95 silly idealTree +-- range-parser@1.2.0
95 silly idealTree +-- range-slice-stream@1.2.0
95 silly idealTree | +-- isarray@1.0.0
95 silly idealTree | `-- readable-stream@2.2.3
95 silly idealTree +-- rc@1.1.6
95 silly idealTree +-- read-pkg-up@1.0.1
95 silly idealTree +-- read-pkg@1.1.0
95 silly idealTree +-- readable-stream@1.1.14
95 silly idealTree +-- readdirp@2.1.0
95 silly idealTree | +-- isarray@1.0.0
95 silly idealTree | `-- readable-stream@2.2.2
95 silly idealTree +-- redent@1.0.0
95 silly idealTree +-- regex-cache@0.4.3
95 silly idealTree +-- render-media@2.9.1
95 silly idealTree +-- repeat-element@1.1.2
95 silly idealTree +-- repeat-string@1.6.1
95 silly idealTree +-- repeating@2.0.1
95 silly idealTree +-- request@2.79.0
95 silly idealTree +-- rimraf@2.5.4
95 silly idealTree +-- run-parallel-limit@1.0.3
95 silly idealTree +-- run-parallel@1.1.6
95 silly idealTree +-- run-series@1.1.4
95 silly idealTree +-- rusha@0.8.5
95 silly idealTree +-- safe-buffer@5.0.1
95 silly idealTree +-- semver@5.3.0
95 silly idealTree +-- send@0.14.2
95 silly idealTree | `-- debug@2.2.0
95 silly idealTree |   `-- ms@0.7.1
95 silly idealTree +-- serve-static@1.11.2
95 silly idealTree +-- set-immediate-shim@1.0.1
95 silly idealTree +-- setprototypeof@1.0.2
95 silly idealTree +-- signal-exit@3.0.2
95 silly idealTree +-- simple-concat@1.0.0
95 silly idealTree +-- simple-get@2.4.0
95 silly idealTree +-- simple-peer@6.4.3
95 silly idealTree | +-- isarray@1.0.0
95 silly idealTree | `-- readable-stream@2.2.3
95 silly idealTree +-- simple-sha1@2.1.0
95 silly idealTree +-- simple-websocket@4.3.1
95 silly idealTree | +-- isarray@1.0.0
95 silly idealTree | +-- readable-stream@2.2.3
95 silly idealTree | +-- ws@2.1.0
95 silly idealTree | `-- xtend@4.0.1
95 silly idealTree +-- single-line-log@1.1.2
95 silly idealTree +-- sntp@1.0.9
95 silly idealTree +-- socket.io-adapter@0.5.0
95 silly idealTree | `-- debug@2.3.3
95 silly idealTree +-- socket.io-client@1.7.2
95 silly idealTree | +-- component-emitter@1.2.1
95 silly idealTree | `-- debug@2.3.3
95 silly idealTree +-- socket.io-parser@2.3.1
95 silly idealTree | +-- debug@2.2.0
95 silly idealTree | `-- ms@0.7.1
95 silly idealTree +-- socket.io@1.7.2
95 silly idealTree | +-- debug@2.3.3
95 silly idealTree | `-- object-assign@4.1.0
95 silly idealTree +-- socketio@1.0.0
95 silly idealTree +-- spdx-correct@1.0.2
95 silly idealTree +-- spdx-expression-parse@1.0.4
95 silly idealTree +-- spdx-license-ids@1.2.2
95 silly idealTree +-- speedometer@0.1.4
95 silly idealTree +-- split@1.0.0
95 silly idealTree +-- split2@2.1.1
95 silly idealTree | +-- isarray@1.0.0
95 silly idealTree | +-- readable-stream@2.2.2
95 silly idealTree | +-- through2@2.0.3
95 silly idealTree | `-- xtend@4.0.1
95 silly idealTree +-- sshpk@1.10.2
95 silly idealTree | `-- assert-plus@1.0.0
95 silly idealTree +-- statuses@1.3.1
95 silly idealTree +-- stream-to-blob-url@2.1.0
95 silly idealTree +-- stream-to-blob@1.0.0
95 silly idealTree +-- stream-with-known-length-to-buffer@1.0.0
95 silly idealTree +-- string_decoder@0.10.31
95 silly idealTree +-- string-width@1.0.2
95 silly idealTree +-- string2compact@1.2.2
95 silly idealTree +-- stringstream@0.0.5
95 silly idealTree +-- strip-ansi@3.0.1
95 silly idealTree +-- strip-bom@2.0.0
95 silly idealTree +-- strip-indent@1.0.1
95 silly idealTree +-- strip-json-comments@1.0.4
95 silly idealTree +-- sumchecker@1.3.0
95 silly idealTree +-- supports-color@2.0.0
95 silly idealTree +-- sync-exec@0.6.2
95 silly idealTree +-- thirty-two@1.0.2
95 silly idealTree +-- throttleit@0.0.2
95 silly idealTree +-- through@2.3.8
95 silly idealTree +-- through2@0.2.3
95 silly idealTree +-- thunky@1.0.2
95 silly idealTree +-- to-array@0.1.4
95 silly idealTree +-- to-arraybuffer@1.0.1
95 silly idealTree +-- torrent-discovery@8.2.0
95 silly idealTree | `-- xtend@4.0.1
95 silly idealTree +-- torrent-piece@1.1.0
95 silly idealTree +-- tough-cookie@2.3.2
95 silly idealTree +-- trim-newlines@1.0.0
95 silly idealTree +-- tunnel-agent@0.4.3
95 silly idealTree +-- tweetnacl@0.14.5
95 silly idealTree +-- type-is@1.6.14
95 silly idealTree +-- typedarray-to-buffer@3.1.2
95 silly idealTree +-- typedarray@0.0.6
95 silly idealTree +-- uint64be@1.0.1
95 silly idealTree +-- ultron@1.1.0
95 silly idealTree +-- uniq@1.0.1
95 silly idealTree +-- unordered-array-remove@1.0.2
95 silly idealTree +-- unpipe@1.0.0
95 silly idealTree +-- unzip-response@2.0.1
95 silly idealTree +-- ut_metadata@3.0.9
95 silly idealTree +-- ut_pex@1.1.3
95 silly idealTree +-- util-deprecate@1.0.2
95 silly idealTree +-- utils-merge@1.0.0
95 silly idealTree +-- uuid@3.0.1
95 silly idealTree +-- validate-npm-package-license@3.0.1
95 silly idealTree +-- vary@1.1.0
95 silly idealTree +-- verror@1.3.6
95 silly idealTree +-- videostream@2.4.2
95 silly idealTree +-- vue-electron@1.0.6
95 silly idealTree +-- vue@2.1.10
95 silly idealTree +-- webtorrent@0.98.8
95 silly idealTree | +-- isarray@1.0.0
95 silly idealTree | +-- readable-stream@2.2.3
95 silly idealTree | +-- speedometer@1.0.0
95 silly idealTree | `-- xtend@4.0.1
95 silly idealTree +-- which@1.2.12
95 silly idealTree +-- wrappy@1.0.2
95 silly idealTree +-- ws@1.1.1
95 silly idealTree | `-- ultron@1.0.2
95 silly idealTree +-- wtf-8@1.0.0
95 silly idealTree +-- xmlhttprequest-ssl@1.5.3
95 silly idealTree +-- xtend@2.1.2
95 silly idealTree +-- yallist@2.0.0
95 silly idealTree +-- yauzl@2.4.1
95 silly idealTree +-- yeast@0.1.2
95 silly idealTree `-- zero-fill@2.2.3
96 silly generateActionsToTake Starting
97 silly install generateActionsToTake
98 silly generateActionsToTake Finishing
99 silly diffTrees action count 1
100 silly diffTrees add memwatch@0.2.2
101 silly decomposeActions action count 8
102 silly decomposeActions fetch memwatch@0.2.2
103 silly decomposeActions extract memwatch@0.2.2
104 silly decomposeActions test memwatch@0.2.2
105 silly decomposeActions preinstall memwatch@0.2.2
106 silly decomposeActions build memwatch@0.2.2
107 silly decomposeActions install memwatch@0.2.2
108 silly decomposeActions postinstall memwatch@0.2.2
109 silly decomposeActions finalize memwatch@0.2.2
110 silly runTopLevelLifecycles Starting
111 silly executeActions Starting
112 silly install executeActions
113 silly doSerial global-install 0
114 silly doParallel fetch 1
115 verbose correctMkdir C:\Users\Dacexi\AppData\Roaming\npm-cache\_locks correctMkdir not in flight; initializing
116 verbose lock using C:\Users\Dacexi\AppData\Roaming\npm-cache\_locks\staging-5815c970c293a301.lock for C:\Users\Dacexi\Desktop\code\droppl\node_modules\.staging
117 silly doParallel extract 1
118 silly extract memwatch@0.2.2
119 verbose unbuild node_modules\.staging\memwatch-013992d5
120 silly gentlyRm C:\Users\Dacexi\Desktop\code\droppl\node_modules\.staging\memwatch-013992d5 is being purged from base C:\Users\Dacexi\Desktop\code\droppl
121 verbose gentlyRm don't care about contents; nuking C:\Users\Dacexi\Desktop\code\droppl\node_modules\.staging\memwatch-013992d5
122 verbose tar unpack C:\Users\Dacexi\AppData\Roaming\npm-cache\memwatch\0.2.2\package.tgz
123 verbose tar unpacking to C:\Users\Dacexi\Desktop\code\droppl\node_modules\.staging\memwatch-013992d5
124 silly gentlyRm C:\Users\Dacexi\Desktop\code\droppl\node_modules\.staging\memwatch-013992d5 is being purged
125 verbose gentlyRm don't care about contents; nuking C:\Users\Dacexi\Desktop\code\droppl\node_modules\.staging\memwatch-013992d5
126 silly gunzTarPerm modes [ '777', '666' ]
127 silly gunzTarPerm extractEntry package.json
128 silly gunzTarPerm modified mode [ 'package.json', 420, 438 ]
129 silly gunzTarPerm extractEntry .npmignore
130 silly gunzTarPerm modified mode [ '.npmignore', 420, 438 ]
131 silly gunzTarPerm extractEntry README.md
132 silly gunzTarPerm modified mode [ 'README.md', 420, 438 ]
133 silly gunzTarPerm extractEntry tests.js
134 silly gunzTarPerm modified mode [ 'tests.js', 420, 438 ]
135 silly gunzTarPerm extractEntry foo.js
136 silly gunzTarPerm modified mode [ 'foo.js', 420, 438 ]
137 silly gunzTarPerm extractEntry include.js
138 silly gunzTarPerm modified mode [ 'include.js', 420, 438 ]
139 silly gunzTarPerm extractEntry .travis.yml
140 silly gunzTarPerm modified mode [ '.travis.yml', 420, 438 ]
141 silly gunzTarPerm extractEntry ChangeLog
142 silly gunzTarPerm modified mode [ 'ChangeLog', 420, 438 ]
143 silly gunzTarPerm extractEntry #wscript#
144 silly gunzTarPerm modified mode [ '#wscript#', 420, 438 ]
145 silly gunzTarPerm extractEntry binding.gyp
146 silly gunzTarPerm modified mode [ 'binding.gyp', 420, 438 ]
147 silly gunzTarPerm extractEntry src/heapdiff.cc
148 silly gunzTarPerm modified mode [ 'src/heapdiff.cc', 420, 438 ]
149 silly gunzTarPerm extractEntry src/heapdiff.hh
150 silly gunzTarPerm modified mode [ 'src/heapdiff.hh', 420, 438 ]
151 silly gunzTarPerm extractEntry src/init.cc
152 silly gunzTarPerm modified mode [ 'src/init.cc', 420, 438 ]
153 silly gunzTarPerm extractEntry src/memwatch.cc
154 silly gunzTarPerm modified mode [ 'src/memwatch.cc', 420, 438 ]
155 silly gunzTarPerm extractEntry src/memwatch.hh
156 silly gunzTarPerm modified mode [ 'src/memwatch.hh', 420, 438 ]
157 silly gunzTarPerm extractEntry src/platformcompat.hh
158 silly gunzTarPerm modified mode [ 'src/platformcompat.hh', 420, 438 ]
159 silly gunzTarPerm extractEntry src/util.cc
160 silly gunzTarPerm modified mode [ 'src/util.cc', 420, 438 ]
161 silly gunzTarPerm extractEntry src/util.hh
162 silly gunzTarPerm modified mode [ 'src/util.hh', 420, 438 ]
163 silly gunzTarPerm extractEntry examples/basic_heapdiff.js
164 silly gunzTarPerm modified mode [ 'examples/basic_heapdiff.js', 420, 438 ]
165 silly gunzTarPerm extractEntry examples/do_nothing_server.js
166 silly gunzTarPerm modified mode [ 'examples/do_nothing_server.js', 420, 438 ]
167 silly gunzTarPerm extractEntry examples/slightly_leaky.js
168 silly gunzTarPerm modified mode [ 'examples/slightly_leaky.js', 420, 438 ]
169 silly gentlyRm C:\Users\Dacexi\Desktop\code\droppl\node_modules\.staging\memwatch-013992d5\node_modules is being purged
170 verbose gentlyRm don't care about contents; nuking C:\Users\Dacexi\Desktop\code\droppl\node_modules\.staging\memwatch-013992d5\node_modules
171 silly doParallel preinstall 1
172 silly preinstall memwatch@0.2.2
173 info lifecycle memwatch@0.2.2~preinstall: memwatch@0.2.2
174 silly lifecycle memwatch@0.2.2~preinstall: no script for preinstall, continuing
175 silly doReverseSerial remove 0
176 silly doSerial move 0
177 silly doSerial finalize 1
178 silly finalize C:\Users\Dacexi\Desktop\code\droppl\node_modules\memwatch
179 silly doSerial build 1
180 silly build memwatch@0.2.2
181 info linkStuff memwatch@0.2.2
182 silly linkStuff memwatch@0.2.2 has C:\Users\Dacexi\Desktop\code\droppl\node_modules as its parent node_modules
183 verbose linkBins memwatch@0.2.2
184 verbose linkMans memwatch@0.2.2
185 silly doSerial global-link 0
186 silly doParallel update-linked 0
187 silly doSerial install 1
188 silly install memwatch@0.2.2
189 info lifecycle memwatch@0.2.2~install: memwatch@0.2.2
190 verbose lifecycle memwatch@0.2.2~install: unsafe-perm in lifecycle true
191 verbose lifecycle memwatch@0.2.2~install: PATH: C:\Program Files\nodejs\node_modules\npm\bin\node-gyp-bin;C:\Users\Dacexi\Desktop\code\droppl\node_modules\memwatch\node_modules\.bin;C:\Users\Dacexi\Desktop\code\droppl\node_modules\.bin;C:\Program Files\NVIDIA GPU Computing Toolkit\CUDA\v8.0\bin;C:\Program Files\NVIDIA GPU Computing Toolkit\CUDA\v8.0\libnvvp;C:\ProgramData\Oracle\Java\javapath;C:\WINDOWS\system32;C:\WINDOWS;C:\WINDOWS\System32\Wbem;C:\WINDOWS\System32\WindowsPowerShell\v1.0\;C:\Program Files (x86)\Skype\Phone\;C:\Program Files (x86)\NVIDIA Corporation\PhysX\Common;C:\Program Files\nodejs\;C:\Program Files\Git\cmd;C:\Program Files\NVIDIA GPU Computing Toolkit\CUDA\v8.0;C:\Program Files\NVIDIA GPU Computing Toolkit\CUDA\v8.0\bin;C:\Python35\Scripts\;C:\Python35\;C:\Users\Dacexi\AppData\Local\Microsoft\WindowsApps;C:\Users\Dacexi\AppData\Local\atom\bin;C:\Users\Dacexi\AppData\Roaming\npm
192 verbose lifecycle memwatch@0.2.2~install: CWD: C:\Users\Dacexi\Desktop\code\droppl\node_modules\memwatch
193 silly lifecycle memwatch@0.2.2~install: Args: [ '/d /s /c', 'node-gyp rebuild' ]
194 silly lifecycle memwatch@0.2.2~install: Returned: code: 1  signal: null
195 info lifecycle memwatch@0.2.2~install: Failed to exec install script
196 verbose unlock done using C:\Users\Dacexi\AppData\Roaming\npm-cache\_locks\staging-5815c970c293a301.lock for C:\Users\Dacexi\Desktop\code\droppl\node_modules\.staging
197 silly rollbackFailedOptional Starting
198 silly gentlyRm C:\Users\Dacexi\Desktop\code\droppl\node_modules\memwatch is being purged from base C:\Users\Dacexi\Desktop\code\droppl
199 verbose gentlyRm don't care about contents; nuking C:\Users\Dacexi\Desktop\code\droppl\node_modules\memwatch
200 silly gentlyRm C:\Users\Dacexi\Desktop\code\droppl\node_modules\memwatch is being purged from base C:\Users\Dacexi\Desktop\code\droppl
201 verbose gentlyRm don't care about contents; nuking C:\Users\Dacexi\Desktop\code\droppl\node_modules\memwatch
202 silly gentlyRm C:\Users\Dacexi\Desktop\code\droppl\node_modules\memwatch is being purged from base C:\Users\Dacexi\Desktop\code\droppl
203 verbose gentlyRm don't care about contents; nuking C:\Users\Dacexi\Desktop\code\droppl\node_modules\memwatch
204 silly gentlyRm C:\Users\Dacexi\Desktop\code\droppl\node_modules\memwatch is being purged from base C:\Users\Dacexi\Desktop\code\droppl
205 verbose gentlyRm don't care about contents; nuking C:\Users\Dacexi\Desktop\code\droppl\node_modules\memwatch
206 silly gentlyRm C:\Users\Dacexi\Desktop\code\droppl\node_modules\memwatch is being purged from base C:\Users\Dacexi\Desktop\code\droppl
207 verbose gentlyRm don't care about contents; nuking C:\Users\Dacexi\Desktop\code\droppl\node_modules\memwatch
208 silly gentlyRm C:\Users\Dacexi\Desktop\code\droppl\node_modules\memwatch is being purged from base C:\Users\Dacexi\Desktop\code\droppl
209 verbose gentlyRm don't care about contents; nuking C:\Users\Dacexi\Desktop\code\droppl\node_modules\memwatch
210 silly gentlyRm C:\Users\Dacexi\Desktop\code\droppl\node_modules\memwatch is being purged from base C:\Users\Dacexi\Desktop\code\droppl
211 verbose gentlyRm don't care about contents; nuking C:\Users\Dacexi\Desktop\code\droppl\node_modules\memwatch
212 silly gentlyRm C:\Users\Dacexi\Desktop\code\droppl\node_modules\memwatch is being purged from base C:\Users\Dacexi\Desktop\code\droppl
213 verbose gentlyRm don't care about contents; nuking C:\Users\Dacexi\Desktop\code\droppl\node_modules\memwatch
214 silly vacuum-fs purging C:\Users\Dacexi\Desktop\code\droppl\node_modules\memwatch
215 silly vacuum-fs purging C:\Users\Dacexi\Desktop\code\droppl\node_modules\memwatch
216 silly vacuum-fs purging C:\Users\Dacexi\Desktop\code\droppl\node_modules\memwatch
217 silly vacuum-fs purging C:\Users\Dacexi\Desktop\code\droppl\node_modules\memwatch
218 silly vacuum-fs purging C:\Users\Dacexi\Desktop\code\droppl\node_modules\memwatch
219 silly vacuum-fs purging C:\Users\Dacexi\Desktop\code\droppl\node_modules\memwatch
220 silly vacuum-fs purging C:\Users\Dacexi\Desktop\code\droppl\node_modules\memwatch
221 silly vacuum-fs purging C:\Users\Dacexi\Desktop\code\droppl\node_modules\memwatch
222 silly vacuum-fs quitting because other entries in C:\Users\Dacexi\Desktop\code\droppl\node_modules
223 silly vacuum-fs quitting because other entries in C:\Users\Dacexi\Desktop\code\droppl\node_modules
224 silly vacuum-fs quitting because other entries in C:\Users\Dacexi\Desktop\code\droppl\node_modules
225 silly vacuum-fs quitting because other entries in C:\Users\Dacexi\Desktop\code\droppl\node_modules
226 silly vacuum-fs quitting because other entries in C:\Users\Dacexi\Desktop\code\droppl\node_modules
227 silly vacuum-fs quitting because other entries in C:\Users\Dacexi\Desktop\code\droppl\node_modules
228 silly vacuum-fs quitting because other entries in C:\Users\Dacexi\Desktop\code\droppl\node_modules
229 silly vacuum-fs quitting because other entries in C:\Users\Dacexi\Desktop\code\droppl\node_modules
230 silly rollbackFailedOptional Finishing
231 silly runTopLevelLifecycles Finishing
232 silly install printInstalled
233 warn optional SKIPPING OPTIONAL DEPENDENCY: fsevents@^1.0.0 (node_modules\chokidar\node_modules\fsevents):
234 warn notsup SKIPPING OPTIONAL DEPENDENCY: Unsupported platform for fsevents@1.1.1: wanted {"os":"darwin","arch":"any"} (current: {"os":"win32","arch":"x64"})
235 verbose notsup SKIPPING OPTIONAL DEPENDENCY: Valid OS:    darwin
235 verbose notsup SKIPPING OPTIONAL DEPENDENCY: Valid Arch:  any
235 verbose notsup SKIPPING OPTIONAL DEPENDENCY: Actual OS:   win32
235 verbose notsup SKIPPING OPTIONAL DEPENDENCY: Actual Arch: x64
236 warn Droppl@1.0.0 No repository field.
237 verbose If you need help, you may report this error at:
237 verbose     <https://github.com/npm/npm/issues>
238 verbose stack Error: memwatch@0.2.2 install: `node-gyp rebuild`
238 verbose stack Exit status 1
238 verbose stack     at EventEmitter.<anonymous> (C:\Program Files\nodejs\node_modules\npm\lib\utils\lifecycle.js:279:16)
238 verbose stack     at emitTwo (events.js:106:13)
238 verbose stack     at EventEmitter.emit (events.js:192:7)
238 verbose stack     at ChildProcess.<anonymous> (C:\Program Files\nodejs\node_modules\npm\lib\utils\spawn.js:40:14)
238 verbose stack     at emitTwo (events.js:106:13)
238 verbose stack     at ChildProcess.emit (events.js:192:7)
238 verbose stack     at maybeClose (internal/child_process.js:890:16)
238 verbose stack     at Process.ChildProcess._handle.onexit (internal/child_process.js:226:5)
239 verbose pkgid memwatch@0.2.2
240 verbose cwd C:\Users\Dacexi\Desktop\code\droppl
241 error Windows_NT 10.0.14393
242 error argv "C:\\Program Files\\nodejs\\node.exe" "C:\\Program Files\\nodejs\\node_modules\\npm\\bin\\npm-cli.js" "install" "--save" "memwatch"
243 error node v7.5.0
244 error npm  v4.1.2
245 error code ELIFECYCLE
246 error memwatch@0.2.2 install: `node-gyp rebuild`
246 error Exit status 1
247 error Failed at the memwatch@0.2.2 install script 'node-gyp rebuild'.
247 error Make sure you have the latest version of node.js and npm installed.
247 error If you do, this is most likely a problem with the memwatch package,
247 error not with npm itself.
247 error Tell the author that this fails on your system:
247 error     node-gyp rebuild
247 error You can get information on how to open an issue for this project with:
247 error     npm bugs memwatch
247 error Or if that isn't available, you can get their info via:
247 error     npm owner ls memwatch
247 error There is likely additional logging output above.
248 verbose exit [ 1, true ]
